---------------------------------------------
CMake 3.3.0, Copyright 2000-2015 Kitware, Inc.
Found GNU toolchain
C compiler on this system is: gcc 
C++ compiler on this system is: g++ 
Makefile processor on this system is: make
g++ is GNU compiler
g++ has setenv
g++ has unsetenv
g++ does not have environ in stdlib.h
g++ has STL in std:: namespace
g++ has ANSI streams
g++ has streams in std:: namespace
g++ has sstream
g++ has operator!=(string, char*)
g++ has stl iterator_traits
g++ has standard template allocator
g++ has allocator<>::rebind<>
g++ does not have non-standard allocator<>::max_size argument
g++ has stl containers supporting allocator objects
g++ has stl wstring
g++ has header cstddef
g++ requires template friends to use <>
g++ supports member templates
g++ has standard template specialization syntax
g++ has argument dependent lookup
g++ does not have struct stat with st_mtim member
g++ has ios::binary openmode
---------------------------------------------
g++  -I/Users/rouson/Code/sourceryinstitute/AdHoc/src/cmake/bug-xxxx/cmake-3.3.0/Bootstrap.cmk -I/Users/rouson/Code/sourceryinstitute/AdHoc/src/cmake/bug-xxxx/cmake-3.3.0/Source   -I/Users/rouson/Code/sourceryinstitute/AdHoc/src/cmake/bug-xxxx/cmake-3.3.0/Bootstrap.cmk -c /Users/rouson/Code/sourceryinstitute/AdHoc/src/cmake/bug-xxxx/cmake-3.3.0/Source/cmake.cxx -o cmake.o
g++  -I/Users/rouson/Code/sourceryinstitute/AdHoc/src/cmake/bug-xxxx/cmake-3.3.0/Bootstrap.cmk -I/Users/rouson/Code/sourceryinstitute/AdHoc/src/cmake/bug-xxxx/cmake-3.3.0/Source   -I/Users/rouson/Code/sourceryinstitute/AdHoc/src/cmake/bug-xxxx/cmake-3.3.0/Bootstrap.cmk -c /Users/rouson/Code/sourceryinstitute/AdHoc/src/cmake/bug-xxxx/cmake-3.3.0/Source/cmakemain.cxx -o cmakemain.o
g++  -I/Users/rouson/Code/sourceryinstitute/AdHoc/src/cmake/bug-xxxx/cmake-3.3.0/Bootstrap.cmk -I/Users/rouson/Code/sourceryinstitute/AdHoc/src/cmake/bug-xxxx/cmake-3.3.0/Source   -I/Users/rouson/Code/sourceryinstitute/AdHoc/src/cmake/bug-xxxx/cmake-3.3.0/Bootstrap.cmk -c /Users/rouson/Code/sourceryinstitute/AdHoc/src/cmake/bug-xxxx/cmake-3.3.0/Source/cmcmd.cxx -o cmcmd.o
g++  -I/Users/rouson/Code/sourceryinstitute/AdHoc/src/cmake/bug-xxxx/cmake-3.3.0/Bootstrap.cmk -I/Users/rouson/Code/sourceryinstitute/AdHoc/src/cmake/bug-xxxx/cmake-3.3.0/Source   -I/Users/rouson/Code/sourceryinstitute/AdHoc/src/cmake/bug-xxxx/cmake-3.3.0/Bootstrap.cmk -c /Users/rouson/Code/sourceryinstitute/AdHoc/src/cmake/bug-xxxx/cmake-3.3.0/Source/cmCommandArgumentLexer.cxx -o cmCommandArgumentLexer.o
g++  -I/Users/rouson/Code/sourceryinstitute/AdHoc/src/cmake/bug-xxxx/cmake-3.3.0/Bootstrap.cmk -I/Users/rouson/Code/sourceryinstitute/AdHoc/src/cmake/bug-xxxx/cmake-3.3.0/Source   -I/Users/rouson/Code/sourceryinstitute/AdHoc/src/cmake/bug-xxxx/cmake-3.3.0/Bootstrap.cmk -c /Users/rouson/Code/sourceryinstitute/AdHoc/src/cmake/bug-xxxx/cmake-3.3.0/Source/cmCommandArgumentParser.cxx -o cmCommandArgumentParser.o
g++  -I/Users/rouson/Code/sourceryinstitute/AdHoc/src/cmake/bug-xxxx/cmake-3.3.0/Bootstrap.cmk -I/Users/rouson/Code/sourceryinstitute/AdHoc/src/cmake/bug-xxxx/cmake-3.3.0/Source   -I/Users/rouson/Code/sourceryinstitute/AdHoc/src/cmake/bug-xxxx/cmake-3.3.0/Bootstrap.cmk -c /Users/rouson/Code/sourceryinstitute/AdHoc/src/cmake/bug-xxxx/cmake-3.3.0/Source/cmCommandArgumentParserHelper.cxx -o cmCommandArgumentParserHelper.o
g++  -I/Users/rouson/Code/sourceryinstitute/AdHoc/src/cmake/bug-xxxx/cmake-3.3.0/Bootstrap.cmk -I/Users/rouson/Code/sourceryinstitute/AdHoc/src/cmake/bug-xxxx/cmake-3.3.0/Source   -I/Users/rouson/Code/sourceryinstitute/AdHoc/src/cmake/bug-xxxx/cmake-3.3.0/Bootstrap.cmk -c /Users/rouson/Code/sourceryinstitute/AdHoc/src/cmake/bug-xxxx/cmake-3.3.0/Source/cmCPackPropertiesGenerator.cxx -o cmCPackPropertiesGenerator.o
g++  -I/Users/rouson/Code/sourceryinstitute/AdHoc/src/cmake/bug-xxxx/cmake-3.3.0/Bootstrap.cmk -I/Users/rouson/Code/sourceryinstitute/AdHoc/src/cmake/bug-xxxx/cmake-3.3.0/Source   -I/Users/rouson/Code/sourceryinstitute/AdHoc/src/cmake/bug-xxxx/cmake-3.3.0/Bootstrap.cmk -c /Users/rouson/Code/sourceryinstitute/AdHoc/src/cmake/bug-xxxx/cmake-3.3.0/Source/cmDefinitions.cxx -o cmDefinitions.o
g++  -I/Users/rouson/Code/sourceryinstitute/AdHoc/src/cmake/bug-xxxx/cmake-3.3.0/Bootstrap.cmk -I/Users/rouson/Code/sourceryinstitute/AdHoc/src/cmake/bug-xxxx/cmake-3.3.0/Source   -I/Users/rouson/Code/sourceryinstitute/AdHoc/src/cmake/bug-xxxx/cmake-3.3.0/Bootstrap.cmk -c /Users/rouson/Code/sourceryinstitute/AdHoc/src/cmake/bug-xxxx/cmake-3.3.0/Source/cmDepends.cxx -o cmDepends.o
g++  -I/Users/rouson/Code/sourceryinstitute/AdHoc/src/cmake/bug-xxxx/cmake-3.3.0/Bootstrap.cmk -I/Users/rouson/Code/sourceryinstitute/AdHoc/src/cmake/bug-xxxx/cmake-3.3.0/Source   -I/Users/rouson/Code/sourceryinstitute/AdHoc/src/cmake/bug-xxxx/cmake-3.3.0/Bootstrap.cmk -c /Users/rouson/Code/sourceryinstitute/AdHoc/src/cmake/bug-xxxx/cmake-3.3.0/Source/cmDependsC.cxx -o cmDependsC.o
g++  -I/Users/rouson/Code/sourceryinstitute/AdHoc/src/cmake/bug-xxxx/cmake-3.3.0/Bootstrap.cmk -I/Users/rouson/Code/sourceryinstitute/AdHoc/src/cmake/bug-xxxx/cmake-3.3.0/Source   -I/Users/rouson/Code/sourceryinstitute/AdHoc/src/cmake/bug-xxxx/cmake-3.3.0/Bootstrap.cmk -c /Users/rouson/Code/sourceryinstitute/AdHoc/src/cmake/bug-xxxx/cmake-3.3.0/Source/cmDocumentationFormatter.cxx -o cmDocumentationFormatter.o
g++  -I/Users/rouson/Code/sourceryinstitute/AdHoc/src/cmake/bug-xxxx/cmake-3.3.0/Bootstrap.cmk -I/Users/rouson/Code/sourceryinstitute/AdHoc/src/cmake/bug-xxxx/cmake-3.3.0/Source   -I/Users/rouson/Code/sourceryinstitute/AdHoc/src/cmake/bug-xxxx/cmake-3.3.0/Bootstrap.cmk -c /Users/rouson/Code/sourceryinstitute/AdHoc/src/cmake/bug-xxxx/cmake-3.3.0/Source/cmPolicies.cxx -o cmPolicies.o
g++  -I/Users/rouson/Code/sourceryinstitute/AdHoc/src/cmake/bug-xxxx/cmake-3.3.0/Bootstrap.cmk -I/Users/rouson/Code/sourceryinstitute/AdHoc/src/cmake/bug-xxxx/cmake-3.3.0/Source   -I/Users/rouson/Code/sourceryinstitute/AdHoc/src/cmake/bug-xxxx/cmake-3.3.0/Bootstrap.cmk -c /Users/rouson/Code/sourceryinstitute/AdHoc/src/cmake/bug-xxxx/cmake-3.3.0/Source/cmProperty.cxx -o cmProperty.o
g++  -I/Users/rouson/Code/sourceryinstitute/AdHoc/src/cmake/bug-xxxx/cmake-3.3.0/Bootstrap.cmk -I/Users/rouson/Code/sourceryinstitute/AdHoc/src/cmake/bug-xxxx/cmake-3.3.0/Source   -I/Users/rouson/Code/sourceryinstitute/AdHoc/src/cmake/bug-xxxx/cmake-3.3.0/Bootstrap.cmk -c /Users/rouson/Code/sourceryinstitute/AdHoc/src/cmake/bug-xxxx/cmake-3.3.0/Source/cmPropertyMap.cxx -o cmPropertyMap.o
g++  -I/Users/rouson/Code/sourceryinstitute/AdHoc/src/cmake/bug-xxxx/cmake-3.3.0/Bootstrap.cmk -I/Users/rouson/Code/sourceryinstitute/AdHoc/src/cmake/bug-xxxx/cmake-3.3.0/Source   -I/Users/rouson/Code/sourceryinstitute/AdHoc/src/cmake/bug-xxxx/cmake-3.3.0/Bootstrap.cmk -c /Users/rouson/Code/sourceryinstitute/AdHoc/src/cmake/bug-xxxx/cmake-3.3.0/Source/cmPropertyDefinition.cxx -o cmPropertyDefinition.o
g++  -I/Users/rouson/Code/sourceryinstitute/AdHoc/src/cmake/bug-xxxx/cmake-3.3.0/Bootstrap.cmk -I/Users/rouson/Code/sourceryinstitute/AdHoc/src/cmake/bug-xxxx/cmake-3.3.0/Source   -I/Users/rouson/Code/sourceryinstitute/AdHoc/src/cmake/bug-xxxx/cmake-3.3.0/Bootstrap.cmk -c /Users/rouson/Code/sourceryinstitute/AdHoc/src/cmake/bug-xxxx/cmake-3.3.0/Source/cmPropertyDefinitionMap.cxx -o cmPropertyDefinitionMap.o
g++  -I/Users/rouson/Code/sourceryinstitute/AdHoc/src/cmake/bug-xxxx/cmake-3.3.0/Bootstrap.cmk -I/Users/rouson/Code/sourceryinstitute/AdHoc/src/cmake/bug-xxxx/cmake-3.3.0/Source   -I/Users/rouson/Code/sourceryinstitute/AdHoc/src/cmake/bug-xxxx/cmake-3.3.0/Bootstrap.cmk -c /Users/rouson/Code/sourceryinstitute/AdHoc/src/cmake/bug-xxxx/cmake-3.3.0/Source/cmMakeDepend.cxx -o cmMakeDepend.o
g++  -I/Users/rouson/Code/sourceryinstitute/AdHoc/src/cmake/bug-xxxx/cmake-3.3.0/Bootstrap.cmk -I/Users/rouson/Code/sourceryinstitute/AdHoc/src/cmake/bug-xxxx/cmake-3.3.0/Source   -I/Users/rouson/Code/sourceryinstitute/AdHoc/src/cmake/bug-xxxx/cmake-3.3.0/Bootstrap.cmk -c /Users/rouson/Code/sourceryinstitute/AdHoc/src/cmake/bug-xxxx/cmake-3.3.0/Source/cmMakefile.cxx -o cmMakefile.o
g++  -I/Users/rouson/Code/sourceryinstitute/AdHoc/src/cmake/bug-xxxx/cmake-3.3.0/Bootstrap.cmk -I/Users/rouson/Code/sourceryinstitute/AdHoc/src/cmake/bug-xxxx/cmake-3.3.0/Source   -I/Users/rouson/Code/sourceryinstitute/AdHoc/src/cmake/bug-xxxx/cmake-3.3.0/Bootstrap.cmk -c /Users/rouson/Code/sourceryinstitute/AdHoc/src/cmake/bug-xxxx/cmake-3.3.0/Source/cmExportFileGenerator.cxx -o cmExportFileGenerator.o
g++  -I/Users/rouson/Code/sourceryinstitute/AdHoc/src/cmake/bug-xxxx/cmake-3.3.0/Bootstrap.cmk -I/Users/rouson/Code/sourceryinstitute/AdHoc/src/cmake/bug-xxxx/cmake-3.3.0/Source   -I/Users/rouson/Code/sourceryinstitute/AdHoc/src/cmake/bug-xxxx/cmake-3.3.0/Bootstrap.cmk -c /Users/rouson/Code/sourceryinstitute/AdHoc/src/cmake/bug-xxxx/cmake-3.3.0/Source/cmExportInstallFileGenerator.cxx -o cmExportInstallFileGenerator.o
g++  -I/Users/rouson/Code/sourceryinstitute/AdHoc/src/cmake/bug-xxxx/cmake-3.3.0/Bootstrap.cmk -I/Users/rouson/Code/sourceryinstitute/AdHoc/src/cmake/bug-xxxx/cmake-3.3.0/Source   -I/Users/rouson/Code/sourceryinstitute/AdHoc/src/cmake/bug-xxxx/cmake-3.3.0/Bootstrap.cmk -c /Users/rouson/Code/sourceryinstitute/AdHoc/src/cmake/bug-xxxx/cmake-3.3.0/Source/cmExportTryCompileFileGenerator.cxx -o cmExportTryCompileFileGenerator.o
g++  -I/Users/rouson/Code/sourceryinstitute/AdHoc/src/cmake/bug-xxxx/cmake-3.3.0/Bootstrap.cmk -I/Users/rouson/Code/sourceryinstitute/AdHoc/src/cmake/bug-xxxx/cmake-3.3.0/Source   -I/Users/rouson/Code/sourceryinstitute/AdHoc/src/cmake/bug-xxxx/cmake-3.3.0/Bootstrap.cmk -c /Users/rouson/Code/sourceryinstitute/AdHoc/src/cmake/bug-xxxx/cmake-3.3.0/Source/cmExportSet.cxx -o cmExportSet.o
g++  -I/Users/rouson/Code/sourceryinstitute/AdHoc/src/cmake/bug-xxxx/cmake-3.3.0/Bootstrap.cmk -I/Users/rouson/Code/sourceryinstitute/AdHoc/src/cmake/bug-xxxx/cmake-3.3.0/Source   -I/Users/rouson/Code/sourceryinstitute/AdHoc/src/cmake/bug-xxxx/cmake-3.3.0/Bootstrap.cmk -c /Users/rouson/Code/sourceryinstitute/AdHoc/src/cmake/bug-xxxx/cmake-3.3.0/Source/cmExportSetMap.cxx -o cmExportSetMap.o
g++  -I/Users/rouson/Code/sourceryinstitute/AdHoc/src/cmake/bug-xxxx/cmake-3.3.0/Bootstrap.cmk -I/Users/rouson/Code/sourceryinstitute/AdHoc/src/cmake/bug-xxxx/cmake-3.3.0/Source   -I/Users/rouson/Code/sourceryinstitute/AdHoc/src/cmake/bug-xxxx/cmake-3.3.0/Bootstrap.cmk -c /Users/rouson/Code/sourceryinstitute/AdHoc/src/cmake/bug-xxxx/cmake-3.3.0/Source/cmExternalMakefileProjectGenerator.cxx -o cmExternalMakefileProjectGenerator.o
g++  -I/Users/rouson/Code/sourceryinstitute/AdHoc/src/cmake/bug-xxxx/cmake-3.3.0/Bootstrap.cmk -I/Users/rouson/Code/sourceryinstitute/AdHoc/src/cmake/bug-xxxx/cmake-3.3.0/Source   -I/Users/rouson/Code/sourceryinstitute/AdHoc/src/cmake/bug-xxxx/cmake-3.3.0/Bootstrap.cmk -c /Users/rouson/Code/sourceryinstitute/AdHoc/src/cmake/bug-xxxx/cmake-3.3.0/Source/cmGeneratorExpressionEvaluationFile.cxx -o cmGeneratorExpressionEvaluationFile.o
g++  -I/Users/rouson/Code/sourceryinstitute/AdHoc/src/cmake/bug-xxxx/cmake-3.3.0/Bootstrap.cmk -I/Users/rouson/Code/sourceryinstitute/AdHoc/src/cmake/bug-xxxx/cmake-3.3.0/Source   -I/Users/rouson/Code/sourceryinstitute/AdHoc/src/cmake/bug-xxxx/cmake-3.3.0/Bootstrap.cmk -c /Users/rouson/Code/sourceryinstitute/AdHoc/src/cmake/bug-xxxx/cmake-3.3.0/Source/cmGeneratedFileStream.cxx -o cmGeneratedFileStream.o
g++  -I/Users/rouson/Code/sourceryinstitute/AdHoc/src/cmake/bug-xxxx/cmake-3.3.0/Bootstrap.cmk -I/Users/rouson/Code/sourceryinstitute/AdHoc/src/cmake/bug-xxxx/cmake-3.3.0/Source   -I/Users/rouson/Code/sourceryinstitute/AdHoc/src/cmake/bug-xxxx/cmake-3.3.0/Bootstrap.cmk -c /Users/rouson/Code/sourceryinstitute/AdHoc/src/cmake/bug-xxxx/cmake-3.3.0/Source/cmGeneratorTarget.cxx -o cmGeneratorTarget.o
g++  -I/Users/rouson/Code/sourceryinstitute/AdHoc/src/cmake/bug-xxxx/cmake-3.3.0/Bootstrap.cmk -I/Users/rouson/Code/sourceryinstitute/AdHoc/src/cmake/bug-xxxx/cmake-3.3.0/Source   -I/Users/rouson/Code/sourceryinstitute/AdHoc/src/cmake/bug-xxxx/cmake-3.3.0/Bootstrap.cmk -c /Users/rouson/Code/sourceryinstitute/AdHoc/src/cmake/bug-xxxx/cmake-3.3.0/Source/cmGeneratorExpressionContext.cxx -o cmGeneratorExpressionContext.o
g++  -I/Users/rouson/Code/sourceryinstitute/AdHoc/src/cmake/bug-xxxx/cmake-3.3.0/Bootstrap.cmk -I/Users/rouson/Code/sourceryinstitute/AdHoc/src/cmake/bug-xxxx/cmake-3.3.0/Source   -I/Users/rouson/Code/sourceryinstitute/AdHoc/src/cmake/bug-xxxx/cmake-3.3.0/Bootstrap.cmk -c /Users/rouson/Code/sourceryinstitute/AdHoc/src/cmake/bug-xxxx/cmake-3.3.0/Source/cmGeneratorExpressionDAGChecker.cxx -o cmGeneratorExpressionDAGChecker.o
g++  -I/Users/rouson/Code/sourceryinstitute/AdHoc/src/cmake/bug-xxxx/cmake-3.3.0/Bootstrap.cmk -I/Users/rouson/Code/sourceryinstitute/AdHoc/src/cmake/bug-xxxx/cmake-3.3.0/Source   -I/Users/rouson/Code/sourceryinstitute/AdHoc/src/cmake/bug-xxxx/cmake-3.3.0/Bootstrap.cmk -c /Users/rouson/Code/sourceryinstitute/AdHoc/src/cmake/bug-xxxx/cmake-3.3.0/Source/cmGeneratorExpressionEvaluator.cxx -o cmGeneratorExpressionEvaluator.o
g++  -I/Users/rouson/Code/sourceryinstitute/AdHoc/src/cmake/bug-xxxx/cmake-3.3.0/Bootstrap.cmk -I/Users/rouson/Code/sourceryinstitute/AdHoc/src/cmake/bug-xxxx/cmake-3.3.0/Source   -I/Users/rouson/Code/sourceryinstitute/AdHoc/src/cmake/bug-xxxx/cmake-3.3.0/Bootstrap.cmk -c /Users/rouson/Code/sourceryinstitute/AdHoc/src/cmake/bug-xxxx/cmake-3.3.0/Source/cmGeneratorExpressionLexer.cxx -o cmGeneratorExpressionLexer.o
g++  -I/Users/rouson/Code/sourceryinstitute/AdHoc/src/cmake/bug-xxxx/cmake-3.3.0/Bootstrap.cmk -I/Users/rouson/Code/sourceryinstitute/AdHoc/src/cmake/bug-xxxx/cmake-3.3.0/Source   -I/Users/rouson/Code/sourceryinstitute/AdHoc/src/cmake/bug-xxxx/cmake-3.3.0/Bootstrap.cmk -c /Users/rouson/Code/sourceryinstitute/AdHoc/src/cmake/bug-xxxx/cmake-3.3.0/Source/cmGeneratorExpressionNode.cxx -o cmGeneratorExpressionNode.o
g++  -I/Users/rouson/Code/sourceryinstitute/AdHoc/src/cmake/bug-xxxx/cmake-3.3.0/Bootstrap.cmk -I/Users/rouson/Code/sourceryinstitute/AdHoc/src/cmake/bug-xxxx/cmake-3.3.0/Source   -I/Users/rouson/Code/sourceryinstitute/AdHoc/src/cmake/bug-xxxx/cmake-3.3.0/Bootstrap.cmk -c /Users/rouson/Code/sourceryinstitute/AdHoc/src/cmake/bug-xxxx/cmake-3.3.0/Source/cmGeneratorExpressionParser.cxx -o cmGeneratorExpressionParser.o
g++  -I/Users/rouson/Code/sourceryinstitute/AdHoc/src/cmake/bug-xxxx/cmake-3.3.0/Bootstrap.cmk -I/Users/rouson/Code/sourceryinstitute/AdHoc/src/cmake/bug-xxxx/cmake-3.3.0/Source   -I/Users/rouson/Code/sourceryinstitute/AdHoc/src/cmake/bug-xxxx/cmake-3.3.0/Bootstrap.cmk -c /Users/rouson/Code/sourceryinstitute/AdHoc/src/cmake/bug-xxxx/cmake-3.3.0/Source/cmGeneratorExpression.cxx -o cmGeneratorExpression.o
g++  -I/Users/rouson/Code/sourceryinstitute/AdHoc/src/cmake/bug-xxxx/cmake-3.3.0/Bootstrap.cmk -I/Users/rouson/Code/sourceryinstitute/AdHoc/src/cmake/bug-xxxx/cmake-3.3.0/Source   -I/Users/rouson/Code/sourceryinstitute/AdHoc/src/cmake/bug-xxxx/cmake-3.3.0/Bootstrap.cmk -c /Users/rouson/Code/sourceryinstitute/AdHoc/src/cmake/bug-xxxx/cmake-3.3.0/Source/cmGlobalGenerator.cxx -o cmGlobalGenerator.o
g++  -I/Users/rouson/Code/sourceryinstitute/AdHoc/src/cmake/bug-xxxx/cmake-3.3.0/Bootstrap.cmk -I/Users/rouson/Code/sourceryinstitute/AdHoc/src/cmake/bug-xxxx/cmake-3.3.0/Source   -I/Users/rouson/Code/sourceryinstitute/AdHoc/src/cmake/bug-xxxx/cmake-3.3.0/Bootstrap.cmk -c /Users/rouson/Code/sourceryinstitute/AdHoc/src/cmake/bug-xxxx/cmake-3.3.0/Source/cmInstallDirectoryGenerator.cxx -o cmInstallDirectoryGenerator.o
g++  -I/Users/rouson/Code/sourceryinstitute/AdHoc/src/cmake/bug-xxxx/cmake-3.3.0/Bootstrap.cmk -I/Users/rouson/Code/sourceryinstitute/AdHoc/src/cmake/bug-xxxx/cmake-3.3.0/Source   -I/Users/rouson/Code/sourceryinstitute/AdHoc/src/cmake/bug-xxxx/cmake-3.3.0/Bootstrap.cmk -c /Users/rouson/Code/sourceryinstitute/AdHoc/src/cmake/bug-xxxx/cmake-3.3.0/Source/cmLocalGenerator.cxx -o cmLocalGenerator.o
g++  -I/Users/rouson/Code/sourceryinstitute/AdHoc/src/cmake/bug-xxxx/cmake-3.3.0/Bootstrap.cmk -I/Users/rouson/Code/sourceryinstitute/AdHoc/src/cmake/bug-xxxx/cmake-3.3.0/Source   -I/Users/rouson/Code/sourceryinstitute/AdHoc/src/cmake/bug-xxxx/cmake-3.3.0/Bootstrap.cmk -c /Users/rouson/Code/sourceryinstitute/AdHoc/src/cmake/bug-xxxx/cmake-3.3.0/Source/cmInstalledFile.cxx -o cmInstalledFile.o
g++  -I/Users/rouson/Code/sourceryinstitute/AdHoc/src/cmake/bug-xxxx/cmake-3.3.0/Bootstrap.cmk -I/Users/rouson/Code/sourceryinstitute/AdHoc/src/cmake/bug-xxxx/cmake-3.3.0/Source   -I/Users/rouson/Code/sourceryinstitute/AdHoc/src/cmake/bug-xxxx/cmake-3.3.0/Bootstrap.cmk -c /Users/rouson/Code/sourceryinstitute/AdHoc/src/cmake/bug-xxxx/cmake-3.3.0/Source/cmInstallGenerator.cxx -o cmInstallGenerator.o
g++  -I/Users/rouson/Code/sourceryinstitute/AdHoc/src/cmake/bug-xxxx/cmake-3.3.0/Bootstrap.cmk -I/Users/rouson/Code/sourceryinstitute/AdHoc/src/cmake/bug-xxxx/cmake-3.3.0/Source   -I/Users/rouson/Code/sourceryinstitute/AdHoc/src/cmake/bug-xxxx/cmake-3.3.0/Bootstrap.cmk -c /Users/rouson/Code/sourceryinstitute/AdHoc/src/cmake/bug-xxxx/cmake-3.3.0/Source/cmInstallExportGenerator.cxx -o cmInstallExportGenerator.o
g++  -I/Users/rouson/Code/sourceryinstitute/AdHoc/src/cmake/bug-xxxx/cmake-3.3.0/Bootstrap.cmk -I/Users/rouson/Code/sourceryinstitute/AdHoc/src/cmake/bug-xxxx/cmake-3.3.0/Source   -I/Users/rouson/Code/sourceryinstitute/AdHoc/src/cmake/bug-xxxx/cmake-3.3.0/Bootstrap.cmk -c /Users/rouson/Code/sourceryinstitute/AdHoc/src/cmake/bug-xxxx/cmake-3.3.0/Source/cmInstallFilesGenerator.cxx -o cmInstallFilesGenerator.o
g++  -I/Users/rouson/Code/sourceryinstitute/AdHoc/src/cmake/bug-xxxx/cmake-3.3.0/Bootstrap.cmk -I/Users/rouson/Code/sourceryinstitute/AdHoc/src/cmake/bug-xxxx/cmake-3.3.0/Source   -I/Users/rouson/Code/sourceryinstitute/AdHoc/src/cmake/bug-xxxx/cmake-3.3.0/Bootstrap.cmk -c /Users/rouson/Code/sourceryinstitute/AdHoc/src/cmake/bug-xxxx/cmake-3.3.0/Source/cmInstallScriptGenerator.cxx -o cmInstallScriptGenerator.o
g++  -I/Users/rouson/Code/sourceryinstitute/AdHoc/src/cmake/bug-xxxx/cmake-3.3.0/Bootstrap.cmk -I/Users/rouson/Code/sourceryinstitute/AdHoc/src/cmake/bug-xxxx/cmake-3.3.0/Source   -I/Users/rouson/Code/sourceryinstitute/AdHoc/src/cmake/bug-xxxx/cmake-3.3.0/Bootstrap.cmk -c /Users/rouson/Code/sourceryinstitute/AdHoc/src/cmake/bug-xxxx/cmake-3.3.0/Source/cmInstallTargetGenerator.cxx -o cmInstallTargetGenerator.o
g++  -I/Users/rouson/Code/sourceryinstitute/AdHoc/src/cmake/bug-xxxx/cmake-3.3.0/Bootstrap.cmk -I/Users/rouson/Code/sourceryinstitute/AdHoc/src/cmake/bug-xxxx/cmake-3.3.0/Source   -I/Users/rouson/Code/sourceryinstitute/AdHoc/src/cmake/bug-xxxx/cmake-3.3.0/Bootstrap.cmk -c /Users/rouson/Code/sourceryinstitute/AdHoc/src/cmake/bug-xxxx/cmake-3.3.0/Source/cmScriptGenerator.cxx -o cmScriptGenerator.o
g++  -I/Users/rouson/Code/sourceryinstitute/AdHoc/src/cmake/bug-xxxx/cmake-3.3.0/Bootstrap.cmk -I/Users/rouson/Code/sourceryinstitute/AdHoc/src/cmake/bug-xxxx/cmake-3.3.0/Source   -I/Users/rouson/Code/sourceryinstitute/AdHoc/src/cmake/bug-xxxx/cmake-3.3.0/Bootstrap.cmk -c /Users/rouson/Code/sourceryinstitute/AdHoc/src/cmake/bug-xxxx/cmake-3.3.0/Source/cmSourceFile.cxx -o cmSourceFile.o
g++  -I/Users/rouson/Code/sourceryinstitute/AdHoc/src/cmake/bug-xxxx/cmake-3.3.0/Bootstrap.cmk -I/Users/rouson/Code/sourceryinstitute/AdHoc/src/cmake/bug-xxxx/cmake-3.3.0/Source   -I/Users/rouson/Code/sourceryinstitute/AdHoc/src/cmake/bug-xxxx/cmake-3.3.0/Bootstrap.cmk -c /Users/rouson/Code/sourceryinstitute/AdHoc/src/cmake/bug-xxxx/cmake-3.3.0/Source/cmSourceFileLocation.cxx -o cmSourceFileLocation.o
g++  -I/Users/rouson/Code/sourceryinstitute/AdHoc/src/cmake/bug-xxxx/cmake-3.3.0/Bootstrap.cmk -I/Users/rouson/Code/sourceryinstitute/AdHoc/src/cmake/bug-xxxx/cmake-3.3.0/Source   -I/Users/rouson/Code/sourceryinstitute/AdHoc/src/cmake/bug-xxxx/cmake-3.3.0/Bootstrap.cmk -c /Users/rouson/Code/sourceryinstitute/AdHoc/src/cmake/bug-xxxx/cmake-3.3.0/Source/cmState.cxx -o cmState.o
g++  -I/Users/rouson/Code/sourceryinstitute/AdHoc/src/cmake/bug-xxxx/cmake-3.3.0/Bootstrap.cmk -I/Users/rouson/Code/sourceryinstitute/AdHoc/src/cmake/bug-xxxx/cmake-3.3.0/Source   -I/Users/rouson/Code/sourceryinstitute/AdHoc/src/cmake/bug-xxxx/cmake-3.3.0/Bootstrap.cmk -c /Users/rouson/Code/sourceryinstitute/AdHoc/src/cmake/bug-xxxx/cmake-3.3.0/Source/cmSystemTools.cxx -o cmSystemTools.o
g++  -I/Users/rouson/Code/sourceryinstitute/AdHoc/src/cmake/bug-xxxx/cmake-3.3.0/Bootstrap.cmk -I/Users/rouson/Code/sourceryinstitute/AdHoc/src/cmake/bug-xxxx/cmake-3.3.0/Source   -I/Users/rouson/Code/sourceryinstitute/AdHoc/src/cmake/bug-xxxx/cmake-3.3.0/Bootstrap.cmk -c /Users/rouson/Code/sourceryinstitute/AdHoc/src/cmake/bug-xxxx/cmake-3.3.0/Source/cmTestGenerator.cxx -o cmTestGenerator.o
g++  -I/Users/rouson/Code/sourceryinstitute/AdHoc/src/cmake/bug-xxxx/cmake-3.3.0/Bootstrap.cmk -I/Users/rouson/Code/sourceryinstitute/AdHoc/src/cmake/bug-xxxx/cmake-3.3.0/Source   -I/Users/rouson/Code/sourceryinstitute/AdHoc/src/cmake/bug-xxxx/cmake-3.3.0/Bootstrap.cmk -c /Users/rouson/Code/sourceryinstitute/AdHoc/src/cmake/bug-xxxx/cmake-3.3.0/Source/cmVersion.cxx -o cmVersion.o
g++  -I/Users/rouson/Code/sourceryinstitute/AdHoc/src/cmake/bug-xxxx/cmake-3.3.0/Bootstrap.cmk -I/Users/rouson/Code/sourceryinstitute/AdHoc/src/cmake/bug-xxxx/cmake-3.3.0/Source   -I/Users/rouson/Code/sourceryinstitute/AdHoc/src/cmake/bug-xxxx/cmake-3.3.0/Bootstrap.cmk -c /Users/rouson/Code/sourceryinstitute/AdHoc/src/cmake/bug-xxxx/cmake-3.3.0/Source/cmFileTimeComparison.cxx -o cmFileTimeComparison.o
g++  -I/Users/rouson/Code/sourceryinstitute/AdHoc/src/cmake/bug-xxxx/cmake-3.3.0/Bootstrap.cmk -I/Users/rouson/Code/sourceryinstitute/AdHoc/src/cmake/bug-xxxx/cmake-3.3.0/Source   -I/Users/rouson/Code/sourceryinstitute/AdHoc/src/cmake/bug-xxxx/cmake-3.3.0/Bootstrap.cmk -c /Users/rouson/Code/sourceryinstitute/AdHoc/src/cmake/bug-xxxx/cmake-3.3.0/Source/cmGlobalUnixMakefileGenerator3.cxx -o cmGlobalUnixMakefileGenerator3.o
g++  -I/Users/rouson/Code/sourceryinstitute/AdHoc/src/cmake/bug-xxxx/cmake-3.3.0/Bootstrap.cmk -I/Users/rouson/Code/sourceryinstitute/AdHoc/src/cmake/bug-xxxx/cmake-3.3.0/Source   -I/Users/rouson/Code/sourceryinstitute/AdHoc/src/cmake/bug-xxxx/cmake-3.3.0/Bootstrap.cmk -c /Users/rouson/Code/sourceryinstitute/AdHoc/src/cmake/bug-xxxx/cmake-3.3.0/Source/cmLocalUnixMakefileGenerator3.cxx -o cmLocalUnixMakefileGenerator3.o
g++  -I/Users/rouson/Code/sourceryinstitute/AdHoc/src/cmake/bug-xxxx/cmake-3.3.0/Bootstrap.cmk -I/Users/rouson/Code/sourceryinstitute/AdHoc/src/cmake/bug-xxxx/cmake-3.3.0/Source   -I/Users/rouson/Code/sourceryinstitute/AdHoc/src/cmake/bug-xxxx/cmake-3.3.0/Bootstrap.cmk -c /Users/rouson/Code/sourceryinstitute/AdHoc/src/cmake/bug-xxxx/cmake-3.3.0/Source/cmMakefileExecutableTargetGenerator.cxx -o cmMakefileExecutableTargetGenerator.o
g++  -I/Users/rouson/Code/sourceryinstitute/AdHoc/src/cmake/bug-xxxx/cmake-3.3.0/Bootstrap.cmk -I/Users/rouson/Code/sourceryinstitute/AdHoc/src/cmake/bug-xxxx/cmake-3.3.0/Source   -I/Users/rouson/Code/sourceryinstitute/AdHoc/src/cmake/bug-xxxx/cmake-3.3.0/Bootstrap.cmk -c /Users/rouson/Code/sourceryinstitute/AdHoc/src/cmake/bug-xxxx/cmake-3.3.0/Source/cmMakefileLibraryTargetGenerator.cxx -o cmMakefileLibraryTargetGenerator.o
g++  -I/Users/rouson/Code/sourceryinstitute/AdHoc/src/cmake/bug-xxxx/cmake-3.3.0/Bootstrap.cmk -I/Users/rouson/Code/sourceryinstitute/AdHoc/src/cmake/bug-xxxx/cmake-3.3.0/Source   -I/Users/rouson/Code/sourceryinstitute/AdHoc/src/cmake/bug-xxxx/cmake-3.3.0/Bootstrap.cmk -c /Users/rouson/Code/sourceryinstitute/AdHoc/src/cmake/bug-xxxx/cmake-3.3.0/Source/cmMakefileTargetGenerator.cxx -o cmMakefileTargetGenerator.o
g++  -I/Users/rouson/Code/sourceryinstitute/AdHoc/src/cmake/bug-xxxx/cmake-3.3.0/Bootstrap.cmk -I/Users/rouson/Code/sourceryinstitute/AdHoc/src/cmake/bug-xxxx/cmake-3.3.0/Source   -I/Users/rouson/Code/sourceryinstitute/AdHoc/src/cmake/bug-xxxx/cmake-3.3.0/Bootstrap.cmk -c /Users/rouson/Code/sourceryinstitute/AdHoc/src/cmake/bug-xxxx/cmake-3.3.0/Source/cmMakefileUtilityTargetGenerator.cxx -o cmMakefileUtilityTargetGenerator.o
g++  -I/Users/rouson/Code/sourceryinstitute/AdHoc/src/cmake/bug-xxxx/cmake-3.3.0/Bootstrap.cmk -I/Users/rouson/Code/sourceryinstitute/AdHoc/src/cmake/bug-xxxx/cmake-3.3.0/Source   -I/Users/rouson/Code/sourceryinstitute/AdHoc/src/cmake/bug-xxxx/cmake-3.3.0/Bootstrap.cmk -c /Users/rouson/Code/sourceryinstitute/AdHoc/src/cmake/bug-xxxx/cmake-3.3.0/Source/cmOSXBundleGenerator.cxx -o cmOSXBundleGenerator.o
g++  -I/Users/rouson/Code/sourceryinstitute/AdHoc/src/cmake/bug-xxxx/cmake-3.3.0/Bootstrap.cmk -I/Users/rouson/Code/sourceryinstitute/AdHoc/src/cmake/bug-xxxx/cmake-3.3.0/Source   -I/Users/rouson/Code/sourceryinstitute/AdHoc/src/cmake/bug-xxxx/cmake-3.3.0/Bootstrap.cmk -c /Users/rouson/Code/sourceryinstitute/AdHoc/src/cmake/bug-xxxx/cmake-3.3.0/Source/cmNewLineStyle.cxx -o cmNewLineStyle.o
g++  -I/Users/rouson/Code/sourceryinstitute/AdHoc/src/cmake/bug-xxxx/cmake-3.3.0/Bootstrap.cmk -I/Users/rouson/Code/sourceryinstitute/AdHoc/src/cmake/bug-xxxx/cmake-3.3.0/Source   -I/Users/rouson/Code/sourceryinstitute/AdHoc/src/cmake/bug-xxxx/cmake-3.3.0/Bootstrap.cmk -c /Users/rouson/Code/sourceryinstitute/AdHoc/src/cmake/bug-xxxx/cmake-3.3.0/Source/cmBootstrapCommands1.cxx -o cmBootstrapCommands1.o
---------------------------------------------
Error when bootstrapping CMake:
Problem while running make
---------------------------------------------
Log of errors: /Users/rouson/Code/sourceryinstitute/AdHoc/src/cmake/bug-xxxx/cmake-3.3.0/Bootstrap.cmk/cmake_bootstrap.log
---------------------------------------------
